#
# A fatal error has been detected by the Java Runtime Environment:
#
#  EXCEPTION_ACCESS_VIOLATION (0xc0000005) at pc=0x0000000071e82d60, pid=4352, tid=0x00000000000008e0
#
# JRE version: Java(TM) SE Runtime Environment (8.0_161-b12) (build 1.8.0_161-b12)
# Java VM: Java HotSpot(TM) 64-Bit Server VM (25.161-b12 mixed mode windows-amd64 compressed oops)
# Problematic frame:
# V  [jvm.dll+0x4a2d60]
#
# Failed to write core dump. Minidumps are not enabled by default on client versions of Windows
#
# If you would like to submit a bug report, please visit:
#   http://bugreport.java.com/bugreport/crash.jsp
#

---------------  T H R E A D  ---------------

Current thread (0x000000001708b800):  JavaThread "C2 CompilerThread1" daemon [_thread_in_native, id=2272, stack(0x00000000187f0000,0x00000000188f0000)]

siginfo: ExceptionCode=0xc0000005, reading address 0x00000100721fffa0

Registers:
RAX=0x0000000000000000, RBX=0x0000000000000000, RCX=0x00000100721fffa0, RDX=0x0000000000000000
RSP=0x00000000188ec130, RBP=0x0000000000000004, RSI=0x0000000000000020, RDI=0x00000000188ec180
R8 =0x0000000000000000, R9 =0x0000000000004414, R10=0x00000000719e0000, R11=0x00000000188ec050
R12=0x0000000000057170, R13=0x0000000000000c71, R14=0x00000000719e0000, R15=0x00000000000003d8
RIP=0x0000000071e82d60, EFLAGS=0x0000000000010246

Top of Stack: (sp=0x00000000188ec130)
0x00000000188ec130:   00000000188ee900 000000001dd33150
0x00000000188ec140:   fffffffffffffff8 0000000017046940
0x00000000188ec150:   0000000000000001 0000000071e7e635
0x00000000188ec160:   000000001df36c90 0000000000000000
0x00000000188ec170:   00000000188ec260 0000000000000000
0x00000000188ec180:   0000000000000000 0000000000000008
0x00000000188ec190:   00000100721fffa0 0000000000000000
0x00000000188ec1a0:   000000001d04f090 0000000000000045
0x00000000188ec1b0:   000000001dd1f6f0 00000000188ec550
0x00000000188ec1c0:   00000000170b3268 00000000170b2e90
0x00000000188ec1d0:   00000000188ec2e0 0000000071e49cba
0x00000000188ec1e0:   0000000000000000 00000000170b2e80
0x00000000188ec1f0:   00000000188ec550 0000000000000000
0x00000000188ec200:   0000000000000002 00000000170b2e80
0x00000000188ec210:   000000001c8a7ff0 000000001c8a9320
0x00000000188ec220:   000000001c8affd8 00000000014ef7b8 

Instructions: (pc=0x0000000071e82d60)
0x0000000071e82d40:   48 8b 4f 20 48 39 04 0e 0f 84 9d 00 00 00 48 8b
0x0000000071e82d50:   0c 0e 33 d2 33 c0 48 89 4f 10 66 0f 1f 44 00 00
0x0000000071e82d60:   83 3c 08 00 0f 85 36 01 00 00 ff c2 48 83 c0 04
0x0000000071e82d70:   83 fa 08 72 eb 48 8b 47 30 48 89 44 24 30 48 85 


Register to memory mapping:

RAX=0x0000000000000000 is an unknown value
RBX=0x0000000000000000 is an unknown value
RCX=0x00000100721fffa0 is an unknown value
RDX=0x0000000000000000 is an unknown value
RSP=0x00000000188ec130 is pointing into the stack for thread: 0x000000001708b800
RBP=0x0000000000000004 is an unknown value
RSI=0x0000000000000020 is an unknown value
RDI=0x00000000188ec180 is pointing into the stack for thread: 0x000000001708b800
R8 =0x0000000000000000 is an unknown value
R9 =0x0000000000004414 is an unknown value
R10=0x00000000719e0000 is an unknown value
R11=0x00000000188ec050 is pointing into the stack for thread: 0x000000001708b800
R12=0x0000000000057170 is an unknown value
R13=0x0000000000000c71 is an unknown value
R14=0x00000000719e0000 is an unknown value
R15=0x00000000000003d8 is an unknown value


Stack: [0x00000000187f0000,0x00000000188f0000],  sp=0x00000000188ec130,  free space=1008k
Native frames: (J=compiled Java code, j=interpreted, Vv=VM code, C=native code)
V  [jvm.dll+0x4a2d60]
V  [jvm.dll+0x49e635]
V  [jvm.dll+0x469cba]
V  [jvm.dll+0x47505b]
V  [jvm.dll+0x477967]
V  [jvm.dll+0x45a172]
V  [jvm.dll+0xa6052]
V  [jvm.dll+0xa699f]
V  [jvm.dll+0x24533f]
V  [jvm.dll+0x29cc4a]
C  [msvcr100.dll+0x21d9f]
C  [msvcr100.dll+0x21e3b]
C  [KERNEL32.DLL+0x17034]
C  [ntdll.dll+0x52651]


Current CompileTask:
C2:   4815 1337       4       java.net.URLClassLoader$1::run (5 bytes)


---------------  P R O C E S S  ---------------

Java Threads: ( => current thread )
  0x000000001a1b3800 JavaThread "Hibernate Connection Pool Validation Thread" daemon [_thread_blocked, id=14244, stack(0x000000001b600000,0x000000001b700000)]
  0x00000000197a5000 JavaThread "mysql-cj-abandoned-connection-cleanup" daemon [_thread_blocked, id=12836, stack(0x000000001b300000,0x000000001b400000)]
  0x0000000018a29000 JavaThread "Service Thread" daemon [_thread_blocked, id=9156, stack(0x0000000018df0000,0x0000000018ef0000)]
  0x0000000017098800 JavaThread "C1 CompilerThread2" daemon [_thread_blocked, id=8396, stack(0x00000000188f0000,0x00000000189f0000)]
=>0x000000001708b800 JavaThread "C2 CompilerThread1" daemon [_thread_in_native, id=2272, stack(0x00000000187f0000,0x00000000188f0000)]
  0x0000000017083800 JavaThread "C2 CompilerThread0" daemon [_thread_in_native, id=7888, stack(0x00000000186f0000,0x00000000187f0000)]
  0x0000000017082800 JavaThread "Attach Listener" daemon [_thread_blocked, id=4432, stack(0x00000000185f0000,0x00000000186f0000)]
  0x0000000017080000 JavaThread "Signal Dispatcher" daemon [_thread_blocked, id=10648, stack(0x00000000184f0000,0x00000000185f0000)]
  0x000000000250d000 JavaThread "Finalizer" daemon [_thread_blocked, id=6372, stack(0x00000000182e0000,0x00000000183e0000)]
  0x0000000002502000 JavaThread "Reference Handler" daemon [_thread_blocked, id=6912, stack(0x00000000181e0000,0x00000000182e0000)]
  0x0000000002413800 JavaThread "main" [_thread_in_vm, id=13124, stack(0x0000000002310000,0x0000000002410000)]

Other Threads:
  0x0000000017047800 VMThread [stack: 0x00000000180e0000,0x00000000181e0000] [id=1604]
  0x00000000170de000 WatcherThread [stack: 0x0000000018ef0000,0x0000000018ff0000] [id=2300]

VM state:not at safepoint (normal execution)

VM Mutex/Monitor currently owned by a thread: None

Heap:
 PSYoungGen      total 38400K, used 22241K [0x00000000d5c00000, 0x00000000da580000, 0x0000000100000000)
  eden space 33280K, 51% used [0x00000000d5c00000,0x00000000d6cbc528,0x00000000d7c80000)
  from space 5120K, 99% used [0x00000000d7c80000,0x00000000d817bfa0,0x00000000d8180000)
  to   space 9728K, 0% used [0x00000000d9c00000,0x00000000d9c00000,0x00000000da580000)
 ParOldGen       total 53248K, used 6238K [0x0000000081400000, 0x0000000084800000, 0x00000000d5c00000)
  object space 53248K, 11% used [0x0000000081400000,0x0000000081a17b10,0x0000000084800000)
 Metaspace       used 29612K, capacity 29938K, committed 30336K, reserved 1075200K
  class space    used 4104K, capacity 4218K, committed 4224K, reserved 1048576K

Card table byte_map: [0x00000000118d0000,0x0000000011cd0000] byte_map_base: 0x00000000114c6000

Marking Bits: (ParMarkBitMap*) 0x00000000721ff860
 Begin Bits: [0x0000000012380000, 0x0000000014330000)
 End Bits:   [0x0000000014330000, 0x00000000162e0000)

Polling page: 0x0000000000ae0000

CodeCache: size=245760Kb used=5536Kb max_used=5536Kb free=240223Kb
 bounds [0x0000000002510000, 0x0000000002a80000, 0x0000000011510000]
 total_blobs=2218 nmethods=1720 adapters=409
 compilation: enabled

Compilation events (10 events):
Event: 4.725 Thread 0x0000000017098800 1720       3       java.util.SubList$1::nextIndex (18 bytes)
Event: 4.725 Thread 0x0000000017098800 nmethod 1720 0x0000000002a77d10 code [0x0000000002a77e80, 0x0000000002a780c8]
Event: 4.749 Thread 0x0000000017098800 1721       1       sun.util.locale.BaseLocale::getVariant (5 bytes)
Event: 4.749 Thread 0x0000000017098800 nmethod 1721 0x0000000002a781d0 code [0x0000000002a78320, 0x0000000002a78430]
Event: 4.771 Thread 0x0000000017098800 1722       1       org.hibernate.internal.SessionFactoryImpl::getSessionFactoryOptions (5 bytes)
Event: 4.771 Thread 0x0000000017098800 nmethod 1722 0x0000000002a78b50 code [0x0000000002a78ca0, 0x0000000002a78db0]
Event: 4.777 Thread 0x0000000017098800 1723       3       java.util.concurrent.CopyOnWriteArrayList::setArray (6 bytes)
Event: 4.777 Thread 0x0000000017098800 nmethod 1723 0x0000000002a78e10 code [0x0000000002a78f60, 0x0000000002a790d0]
Event: 4.792 Thread 0x0000000017098800 1724       3       java.lang.invoke.CallSite::maybeReBox (28 bytes)
Event: 4.792 Thread 0x0000000017098800 nmethod 1724 0x0000000002a79550 code [0x0000000002a796e0, 0x0000000002a79d70]

GC Heap History (10 events):
Event: 1.287 GC heap before
{Heap before GC invocations=2 (full 0):
 PSYoungGen      total 38400K, used 33943K [0x00000000d5c00000, 0x00000000d8680000, 0x0000000100000000)
  eden space 33280K, 100% used [0x00000000d5c00000,0x00000000d7c80000,0x00000000d7c80000)
  from space 5120K, 12% used [0x00000000d7c80000,0x00000000d7d25ef0,0x00000000d8180000)
  to   space 5120K, 0% used [0x00000000d8180000,0x00000000d8180000,0x00000000d8680000)
 ParOldGen       total 87552K, used 8K [0x0000000081400000, 0x0000000086980000, 0x00000000d5c00000)
  object space 87552K, 0% used [0x0000000081400000,0x0000000081402000,0x0000000086980000)
 Metaspace       used 11086K, capacity 11280K, committed 11648K, reserved 1058816K
  class space    used 1488K, capacity 1567K, committed 1664K, reserved 1048576K
Event: 1.298 GC heap after
Heap after GC invocations=2 (full 0):
 PSYoungGen      total 38400K, used 5117K [0x00000000d5c00000, 0x00000000d8680000, 0x0000000100000000)
  eden space 33280K, 0% used [0x00000000d5c00000,0x00000000d5c00000,0x00000000d7c80000)
  from space 5120K, 99% used [0x00000000d8180000,0x00000000d867f5f8,0x00000000d8680000)
  to   space 5120K, 0% used [0x00000000d7c80000,0x00000000d7c80000,0x00000000d8180000)
 ParOldGen       total 87552K, used 1143K [0x0000000081400000, 0x0000000086980000, 0x00000000d5c00000)
  object space 87552K, 1% used [0x0000000081400000,0x000000008151dde8,0x0000000086980000)
 Metaspace       used 11086K, capacity 11280K, committed 11648K, reserved 1058816K
  class space    used 1488K, capacity 1567K, committed 1664K, reserved 1048576K
}
Event: 3.083 GC heap before
{Heap before GC invocations=3 (full 0):
 PSYoungGen      total 38400K, used 38397K [0x00000000d5c00000, 0x00000000d8680000, 0x0000000100000000)
  eden space 33280K, 100% used [0x00000000d5c00000,0x00000000d7c80000,0x00000000d7c80000)
  from space 5120K, 99% used [0x00000000d8180000,0x00000000d867f5f8,0x00000000d8680000)
  to   space 5120K, 0% used [0x00000000d7c80000,0x00000000d7c80000,0x00000000d8180000)
 ParOldGen       total 87552K, used 1143K [0x0000000081400000, 0x0000000086980000, 0x00000000d5c00000)
  object space 87552K, 1% used [0x0000000081400000,0x000000008151dde8,0x0000000086980000)
 Metaspace       used 20226K, capacity 20564K, committed 20864K, reserved 1067008K
  class space    used 2719K, capacity 2839K, committed 2944K, reserved 1048576K
Event: 3.096 GC heap after
Heap after GC invocations=3 (full 0):
 PSYoungGen      total 38400K, used 5118K [0x00000000d5c00000, 0x00000000d8680000, 0x0000000100000000)
  eden space 33280K, 0% used [0x00000000d5c00000,0x00000000d5c00000,0x00000000d7c80000)
  from space 5120K, 99% used [0x00000000d7c80000,0x00000000d817fa08,0x00000000d8180000)
  to   space 5120K, 0% used [0x00000000d8180000,0x00000000d8180000,0x00000000d8680000)
 ParOldGen       total 87552K, used 5215K [0x0000000081400000, 0x0000000086980000, 0x00000000d5c00000)
  object space 87552K, 5% used [0x0000000081400000,0x0000000081917cf0,0x0000000086980000)
 Metaspace       used 20226K, capacity 20564K, committed 20864K, reserved 1067008K
  class space    used 2719K, capacity 2839K, committed 2944K, reserved 1048576K
}
Event: 3.183 GC heap before
{Heap before GC invocations=4 (full 0):
 PSYoungGen      total 38400K, used 9731K [0x00000000d5c00000, 0x00000000d8680000, 0x0000000100000000)
  eden space 33280K, 13% used [0x00000000d5c00000,0x00000000d60811f8,0x00000000d7c80000)
  from space 5120K, 99% used [0x00000000d7c80000,0x00000000d817fa08,0x00000000d8180000)
  to   space 5120K, 0% used [0x00000000d8180000,0x00000000d8180000,0x00000000d8680000)
 ParOldGen       total 87552K, used 5215K [0x0000000081400000, 0x0000000086980000, 0x00000000d5c00000)
  object space 87552K, 5% used [0x0000000081400000,0x0000000081917cf0,0x0000000086980000)
 Metaspace       used 20880K, capacity 21140K, committed 21296K, reserved 1067008K
  class space    used 2812K, capacity 2903K, committed 2944K, reserved 1048576K
Event: 3.194 GC heap after
Heap after GC invocations=4 (full 0):
 PSYoungGen      total 38400K, used 5102K [0x00000000d5c00000, 0x00000000da700000, 0x0000000100000000)
  eden space 33280K, 0% used [0x00000000d5c00000,0x00000000d5c00000,0x00000000d7c80000)
  from space 5120K, 99% used [0x00000000d8180000,0x00000000d867b9f8,0x00000000d8680000)
  to   space 5120K, 0% used [0x00000000d7c80000,0x00000000d7c80000,0x00000000d8180000)
 ParOldGen       total 87552K, used 5661K [0x0000000081400000, 0x0000000086980000, 0x00000000d5c00000)
  object space 87552K, 6% used [0x0000000081400000,0x0000000081987618,0x0000000086980000)
 Metaspace       used 20880K, capacity 21140K, committed 21296K, reserved 1067008K
  class space    used 2812K, capacity 2903K, committed 2944K, reserved 1048576K
}
Event: 3.194 GC heap before
{Heap before GC invocations=5 (full 1):
 PSYoungGen      total 38400K, used 5102K [0x00000000d5c00000, 0x00000000da700000, 0x0000000100000000)
  eden space 33280K, 0% used [0x00000000d5c00000,0x00000000d5c00000,0x00000000d7c80000)
  from space 5120K, 99% used [0x00000000d8180000,0x00000000d867b9f8,0x00000000d8680000)
  to   space 5120K, 0% used [0x00000000d7c80000,0x00000000d7c80000,0x00000000d8180000)
 ParOldGen       total 87552K, used 5661K [0x0000000081400000, 0x0000000086980000, 0x00000000d5c00000)
  object space 87552K, 6% used [0x0000000081400000,0x0000000081987618,0x0000000086980000)
 Metaspace       used 20880K, capacity 21140K, committed 21296K, reserved 1067008K
  class space    used 2812K, capacity 2903K, committed 2944K, reserved 1048576K
Event: 3.234 GC heap after
Heap after GC invocations=5 (full 1):
 PSYoungGen      total 38400K, used 0K [0x00000000d5c00000, 0x00000000da700000, 0x0000000100000000)
  eden space 33280K, 0% used [0x00000000d5c00000,0x00000000d5c00000,0x00000000d7c80000)
  from space 5120K, 0% used [0x00000000d8180000,0x00000000d8180000,0x00000000d8680000)
  to   space 5120K, 0% used [0x00000000d7c80000,0x00000000d7c80000,0x00000000d8180000)
 ParOldGen       total 53248K, used 5782K [0x0000000081400000, 0x0000000084800000, 0x00000000d5c00000)
  object space 53248K, 10% used [0x0000000081400000,0x00000000819a5bf8,0x0000000084800000)
 Metaspace       used 20880K, capacity 21140K, committed 21296K, reserved 1067008K
  class space    used 2812K, capacity 2903K, committed 2944K, reserved 1048576K
}
Event: 4.116 GC heap before
{Heap before GC invocations=6 (full 1):
 PSYoungGen      total 38400K, used 33280K [0x00000000d5c00000, 0x00000000da700000, 0x0000000100000000)
  eden space 33280K, 100% used [0x00000000d5c00000,0x00000000d7c80000,0x00000000d7c80000)
  from space 5120K, 0% used [0x00000000d8180000,0x00000000d8180000,0x00000000d8680000)
  to   space 5120K, 0% used [0x00000000d7c80000,0x00000000d7c80000,0x00000000d8180000)
 ParOldGen       total 53248K, used 5782K [0x0000000081400000, 0x0000000084800000, 0x00000000d5c00000)
  object space 53248K, 10% used [0x0000000081400000,0x00000000819a5bf8,0x0000000084800000)
 Metaspace       used 26708K, capacity 27004K, committed 27392K, reserved 1073152K
  class space    used 3719K, capacity 3819K, committed 3840K, reserved 1048576K
Event: 4.125 GC heap after
Heap after GC invocations=6 (full 1):
 PSYoungGen      total 38400K, used 5103K [0x00000000d5c00000, 0x00000000da580000, 0x0000000100000000)
  eden space 33280K, 0% used [0x00000000d5c00000,0x00000000d5c00000,0x00000000d7c80000)
  from space 5120K, 99% used [0x00000000d7c80000,0x00000000d817bfa0,0x00000000d8180000)
  to   space 9728K, 0% used [0x00000000d9c00000,0x00000000d9c00000,0x00000000da580000)
 ParOldGen       total 53248K, used 6238K [0x0000000081400000, 0x0000000084800000, 0x00000000d5c00000)
  object space 53248K, 11% used [0x0000000081400000,0x0000000081a17b10,0x0000000084800000)
 Metaspace       used 26708K, capacity 27004K, committed 27392K, reserved 1073152K
  class space    used 3719K, capacity 3819K, committed 3840K, reserved 1048576K
}

Deoptimization events (10 events):
Event: 2.473 Thread 0x0000000002413800 Uncommon trap: reason=unstable_if action=reinterpret pc=0x00000000027cf88c method=java.io.WinNTFileSystem.normalize(Ljava/lang/String;)Ljava/lang/String; @ 128
Event: 2.671 Thread 0x00000000197a5000 Uncommon trap: reason=unstable_if action=reinterpret pc=0x0000000002860478 method=java.util.zip.ZipCoder.getBytes(Ljava/lang/String;)[B @ 32
Event: 2.672 Thread 0x0000000002413800 Uncommon trap: reason=unstable_if action=reinterpret pc=0x000000000271ad20 method=java.lang.AbstractStringBuilder.append(Ljava/lang/String;)Ljava/lang/AbstractStringBuilder; @ 1
Event: 2.836 Thread 0x0000000002413800 Uncommon trap: reason=predicate action=maybe_recompile pc=0x00000000027897b0 method=sun.net.www.ParseUtil.encodePath(Ljava/lang/String;Z)Ljava/lang/String; @ 36
Event: 2.884 Thread 0x0000000002413800 Uncommon trap: reason=unstable_if action=reinterpret pc=0x0000000002898214 method=sun.misc.ASCIICaseInsensitiveComparator.compare(Ljava/lang/String;Ljava/lang/String;)I @ 83
Event: 2.972 Thread 0x0000000002413800 Uncommon trap: reason=bimorphic action=maybe_recompile pc=0x000000000280b798 method=java.util.HashMap.putVal(ILjava/lang/Object;Ljava/lang/Object;ZZ)Ljava/lang/Object; @ 203
Event: 4.464 Thread 0x0000000002413800 Uncommon trap: reason=unstable_if action=reinterpret pc=0x00000000028a138c method=java.lang.String.regionMatches(ZILjava/lang/String;II)Z @ 123
Event: 4.517 Thread 0x0000000002413800 Uncommon trap: reason=unstable_if action=reinterpret pc=0x0000000002880f34 method=java.lang.String.regionMatches(ZILjava/lang/String;II)Z @ 123
Event: 4.536 Thread 0x0000000002413800 Uncommon trap: reason=unstable_if action=reinterpret pc=0x00000000029210fc method=java.lang.CharacterDataLatin1.isWhitespace(I)Z @ 14
Event: 4.537 Thread 0x0000000002413800 Uncommon trap: reason=unstable_if action=reinterpret pc=0x000000000280867c method=java.lang.CharacterDataLatin1.isWhitespace(I)Z @ 14

Classes redefined (0 events):
No events

Internal exceptions (10 events):
Event: 0.297 Thread 0x0000000002413800 Exception <a 'java/security/PrivilegedActionException'> (0x00000000d617bd18) thrown at [C:\re\workspace\8-2-build-windows-amd64-cygwin\jdk8u161\10277\hotspot\src\share\vm\prims\jvm.cpp, line 1390]
Event: 0.297 Thread 0x0000000002413800 Exception <a 'java/security/PrivilegedActionException'> (0x00000000d617bf28) thrown at [C:\re\workspace\8-2-build-windows-amd64-cygwin\jdk8u161\10277\hotspot\src\share\vm\prims\jvm.cpp, line 1390]
Event: 0.469 Thread 0x0000000002413800 Exception <a 'java/lang/NoSuchFieldError': method resolution failed> (0x00000000d63d96b8) thrown at [C:\re\workspace\8-2-build-windows-amd64-cygwin\jdk8u161\10277\hotspot\src\share\vm\prims\methodHandles.cpp, line 1167]
Event: 0.472 Thread 0x0000000002413800 Exception <a 'java/lang/NoSuchFieldError': method resolution failed> (0x00000000d63e6a38) thrown at [C:\re\workspace\8-2-build-windows-amd64-cygwin\jdk8u161\10277\hotspot\src\share\vm\prims\methodHandles.cpp, line 1167]
Event: 1.056 Thread 0x0000000002413800 Exception <a 'java/lang/ClassNotFoundException': com/sun/org/glassfish/hk2/osgiresourcelocator/ServiceLoader> (0x00000000d7359730) thrown at [C:\re\workspace\8-2-build-windows-amd64-cygwin\jdk8u161\10277\hotspot\src\share\vm\classfile\systemDictionary.cpp
Event: 1.114 Thread 0x0000000002413800 Exception <a 'java/lang/NullPointerException'> (0x00000000d75fd290) thrown at [C:\re\workspace\8-2-build-windows-amd64-cygwin\jdk8u161\10277\hotspot\src\share\vm\interpreter\linkResolver.cpp, line 1287]
Event: 1.211 Thread 0x0000000002413800 Exception <a 'java/lang/ArrayIndexOutOfBoundsException': 18> (0x00000000d7a2ad08) thrown at [C:\re\workspace\8-2-build-windows-amd64-cygwin\jdk8u161\10277\hotspot\src\share\vm\interpreter\interpreterRuntime.cpp, line 366]
Event: 1.211 Thread 0x0000000002413800 Exception <a 'java/lang/ArrayIndexOutOfBoundsException': 67> (0x00000000d7a2bfe0) thrown at [C:\re\workspace\8-2-build-windows-amd64-cygwin\jdk8u161\10277\hotspot\src\share\vm\interpreter\interpreterRuntime.cpp, line 366]
Event: 1.378 Thread 0x0000000002413800 Implicit null exception at 0x000000000273c716 to 0x000000000273cab1
Event: 2.672 Thread 0x0000000002413800 Implicit null exception at 0x000000000271a954 to 0x000000000271ad09

Events (10 events):
Event: 4.789 loading class org/hibernate/resource/transaction/backend/jdbc/internal/JdbcResourceLocalTransactionCoordinatorImpl$TransactionDriverControlImpl
Event: 4.789 loading class org/hibernate/resource/transaction/backend/jdbc/internal/JdbcResourceLocalTransactionCoordinatorImpl$TransactionDriverControlImpl done
Event: 4.790 loading class org/hibernate/internal/SessionImpl$IdentifierLoadAccessImpl
Event: 4.790 loading class org/hibernate/internal/SessionImpl$IdentifierLoadAccessImpl done
Event: 4.792 loading class org/hibernate/internal/SessionImpl$IdentifierLoadAccessImpl
Event: 4.792 loading class org/hibernate/internal/SessionImpl$IdentifierLoadAccessImpl done
Event: 4.792 loading class org/hibernate/event/spi/LoadEvent
Event: 4.792 loading class org/hibernate/event/spi/LoadEvent done
Event: 4.793 loading class org/hibernate/event/spi/LoadEvent$1
Event: 4.793 loading class org/hibernate/event/spi/LoadEvent$1 done


Dynamic libraries:
0x00007ff700cf0000 - 0x00007ff700d27000 	C:\Program Files\Java\jdk1.8.0_161\bin\javaw.exe
0x00007ff9a23f0000 - 0x00007ff9a25e5000 	C:\WINDOWS\SYSTEM32\ntdll.dll
0x00007ff9a0e20000 - 0x00007ff9a0edd000 	C:\WINDOWS\System32\KERNEL32.DLL
0x00007ff99ffc0000 - 0x00007ff9a0288000 	C:\WINDOWS\System32\KERNELBASE.dll
0x00007ff9a05e0000 - 0x00007ff9a068c000 	C:\WINDOWS\System32\ADVAPI32.dll
0x00007ff9a1a00000 - 0x00007ff9a1a9e000 	C:\WINDOWS\System32\msvcrt.dll
0x00007ff9a20f0000 - 0x00007ff9a218b000 	C:\WINDOWS\System32\sechost.dll
0x00007ff9a1fc0000 - 0x00007ff9a20eb000 	C:\WINDOWS\System32\RPCRT4.dll
0x00007ff9a2210000 - 0x00007ff9a23b0000 	C:\WINDOWS\System32\USER32.dll
0x00007ff99fe40000 - 0x00007ff99fe62000 	C:\WINDOWS\System32\win32u.dll
0x00007ff9a0df0000 - 0x00007ff9a0e1a000 	C:\WINDOWS\System32\GDI32.dll
0x00007ff99fd30000 - 0x00007ff99fe3b000 	C:\WINDOWS\System32\gdi32full.dll
0x00007ff99fb30000 - 0x00007ff99fbcd000 	C:\WINDOWS\System32\msvcp_win.dll
0x00007ff99fe70000 - 0x00007ff99ff70000 	C:\WINDOWS\System32\ucrtbase.dll
0x00007ff99ef50000 - 0x00007ff99f1ea000 	C:\WINDOWS\WinSxS\amd64_microsoft.windows.common-controls_6595b64144ccf1df_6.0.19041.844_none_ca00b6081b84eb1d\COMCTL32.dll
0x00007ff9a16e0000 - 0x00007ff9a1710000 	C:\WINDOWS\System32\IMM32.DLL
0x0000000072aa0000 - 0x0000000072b72000 	C:\Program Files\Java\jdk1.8.0_161\jre\bin\msvcr100.dll
0x00000000719e0000 - 0x000000007227f000 	C:\Program Files\Java\jdk1.8.0_161\jre\bin\server\jvm.dll
0x00007ff9a16d0000 - 0x00007ff9a16d8000 	C:\WINDOWS\System32\PSAPI.DLL
0x00007ff98eb60000 - 0x00007ff98eb87000 	C:\WINDOWS\SYSTEM32\WINMM.dll
0x00007ff989af0000 - 0x00007ff989af9000 	C:\WINDOWS\SYSTEM32\WSOCK32.dll
0x00007ff9a1660000 - 0x00007ff9a16cb000 	C:\WINDOWS\System32\WS2_32.dll
0x00007ff98f410000 - 0x00007ff98f41a000 	C:\WINDOWS\SYSTEM32\VERSION.dll
0x0000000072a90000 - 0x0000000072a9f000 	C:\Program Files\Java\jdk1.8.0_161\jre\bin\verify.dll
0x0000000072a60000 - 0x0000000072a89000 	C:\Program Files\Java\jdk1.8.0_161\jre\bin\java.dll
0x0000000072a40000 - 0x0000000072a56000 	C:\Program Files\Java\jdk1.8.0_161\jre\bin\zip.dll
0x00007ff9a0690000 - 0x00007ff9a0dd2000 	C:\WINDOWS\System32\SHELL32.dll
0x00007ff99d5f0000 - 0x00007ff99dd80000 	C:\WINDOWS\SYSTEM32\windows.storage.dll
0x00007ff9a0ee0000 - 0x00007ff9a1235000 	C:\WINDOWS\System32\combase.dll
0x00007ff99eeb0000 - 0x00007ff99eedc000 	C:\WINDOWS\SYSTEM32\Wldp.dll
0x00007ff9a1f10000 - 0x00007ff9a1fbe000 	C:\WINDOWS\System32\SHCORE.dll
0x00007ff9a1240000 - 0x00007ff9a1295000 	C:\WINDOWS\System32\shlwapi.dll
0x00007ff99fa70000 - 0x00007ff99fa8f000 	C:\WINDOWS\SYSTEM32\profapi.dll
0x00007ff99f850000 - 0x00007ff99f868000 	C:\WINDOWS\SYSTEM32\CRYPTSP.dll
0x00007ff99e5b0000 - 0x00007ff99e5e4000 	C:\WINDOWS\system32\rsaenh.dll
0x00007ff9a0290000 - 0x00007ff9a02b7000 	C:\WINDOWS\System32\bcrypt.dll
0x00007ff99fa30000 - 0x00007ff99fa5e000 	C:\WINDOWS\SYSTEM32\USERENV.dll
0x00007ff9a03d0000 - 0x00007ff9a0450000 	C:\WINDOWS\System32\bcryptprimitives.dll
0x00007ff99ee70000 - 0x00007ff99ee7c000 	C:\WINDOWS\SYSTEM32\CRYPTBASE.dll
0x0000000072a20000 - 0x0000000072a3a000 	C:\Program Files\Java\jdk1.8.0_161\jre\bin\net.dll
0x00007ff99ed90000 - 0x00007ff99edfa000 	C:\WINDOWS\system32\mswsock.dll
0x00007ff99e910000 - 0x00007ff99e94b000 	C:\WINDOWS\SYSTEM32\IPHLPAPI.DLL
0x00007ff9a12a0000 - 0x00007ff9a12a8000 	C:\WINDOWS\System32\NSI.dll
0x00007ff9936a0000 - 0x00007ff9936b7000 	C:\WINDOWS\SYSTEM32\dhcpcsvc6.DLL
0x00007ff993660000 - 0x00007ff99367d000 	C:\WINDOWS\SYSTEM32\dhcpcsvc.DLL
0x00007ff99e950000 - 0x00007ff99ea1c000 	C:\WINDOWS\SYSTEM32\DNSAPI.dll
0x00000000719c0000 - 0x00000000719d1000 	C:\Program Files\Java\jdk1.8.0_161\jre\bin\nio.dll
0x00007ff995eb0000 - 0x00007ff995eba000 	C:\Windows\System32\rasadhlp.dll
0x00007ff98f7d0000 - 0x00007ff98f84f000 	C:\WINDOWS\System32\fwpuclnt.dll
0x00007ff99f4c0000 - 0x00007ff99f6a4000 	C:\WINDOWS\SYSTEM32\dbghelp.dll

VM Arguments:
jvm_args: -Dfile.encoding=Cp1252 
java_command: com.model.Hibernate01
java_class_path (initial): C:\Users\ichawla\Documents\workspace-spring-tool-suite-4-4.9.0.RELEASE\JavaBrain_Hibernate01\bin;G:\StudyMaterial\Hibernate Training\JavaBrains\hibernate-release-5.4.0.Final\hibernate-release-5.4.0.Final\lib\required\antlr-2.7.7.jar;G:\StudyMaterial\Hibernate Training\JavaBrains\hibernate-release-5.4.0.Final\hibernate-release-5.4.0.Final\lib\required\byte-buddy-1.9.5.jar;G:\StudyMaterial\Hibernate Training\JavaBrains\hibernate-release-5.4.0.Final\hibernate-release-5.4.0.Final\lib\required\classmate-1.3.4.jar;G:\StudyMaterial\Hibernate Training\JavaBrains\hibernate-release-5.4.0.Final\hibernate-release-5.4.0.Final\lib\required\dom4j-2.1.1.jar;G:\StudyMaterial\Hibernate Training\JavaBrains\hibernate-release-5.4.0.Final\hibernate-release-5.4.0.Final\lib\required\FastInfoset-1.2.15.jar;G:\StudyMaterial\Hibernate Training\JavaBrains\hibernate-release-5.4.0.Final\hibernate-release-5.4.0.Final\lib\required\hibernate-commons-annotations-5.1.0.Final.jar;G:\StudyMaterial\Hibernate Training\JavaBrains\hibernate-release-5.4.0.Final\hibernate-release-5.4.0.Final\lib\required\hibernate-core-5.4.0.Final.jar;G:\StudyMaterial\Hibernate Training\JavaBrains\hibernate-release-5.4.0.Final\hibernate-release-5.4.0.Final\lib\required\istack-commons-runtime-3.0.7.jar;G:\StudyMaterial\Hibernate Training\JavaBrains\hibernate-release-5.4.0.Final\hibernate-release-5.4.0.Final\lib\required\jandex-2.0.5.Final.jar;G:\StudyMaterial\Hibernate Training\JavaBrains\hibernate-release-5.4.0.Final\hibernate-release-5.4.0.Final\lib\required\javassist-3.24.0-GA.jar;G:\StudyMaterial\Hibernate Training\JavaBrains\hibernate-release-5.4.0.Final\hibernate-release-5.4.0.Final\lib\required\javax.activation-api-1.2.0.jar;G:\StudyMaterial\Hibernate Training\JavaBrains\hibernate-release-5.4.0.Final\hibernate-release-5.4.0.Final\lib\required\javax.persistence-api-2.2.jar;G:\StudyMaterial\Hibernate Training\JavaBrains\hibernate-release-5.4.0.Final\hibernate-release-5.4.0.Final\lib\required\
Launcher Type: SUN_STANDARD

Environment Variables:
JAVA_HOME=C:\Program Files\Java\jdk1.8.0_161
PATH=G:/StudyMaterial/JMS/sts-4.9.0.RELEASE//plugins/org.eclipse.justj.openjdk.hotspot.jre.full.win32.x86_64_15.0.1.v20201027-0507/jre/bin/server;G:/StudyMaterial/JMS/sts-4.9.0.RELEASE//plugins/org.eclipse.justj.openjdk.hotspot.jre.full.win32.x86_64_15.0.1.v20201027-0507/jre/bin;C:\Users\ichawla\AppData\Local\Programs\Python\Python38-32\Scripts\;C:\Users\ichawla\AppData\Local\Programs\Python\Python38-32\;C:\ProgramData\Boxstarter;C:\ProgramData\Oracle\Java\javapath;C:\WINDOWS\system32;C:\WINDOWS;C:\WINDOWS\System32\Wbem;C:\WINDOWS\System32\WindowsPowerShell\v1.0\;C:\Program Files\Java\jdk1.8.0_161\bin;C:\Program Files\Intel\WiFi\bin\;C:\Program Files\Java\jdk1.8.0_161;C:\Program Files\Common Files\Intel\WirelessCommon\;C:\Program Files (x86)\Common Files\Apple\Internet Services\;C:\Program Files\MySQL\MySQL Utilities 1.6\;C:\WINDOWS\System32\OpenSSH\;G:\apache-maven-3.5.4\bin;C:\Program Files (x86)\nodejs\;C:\ProgramData\chocolatey\bin;C:\Program Files\MongoDB\Server\4.0\bin;C:\Program Files\Git\cmd;C:\WINDOWS\system32;C:\WINDOWS;C:\WINDOWS\System32\Wbem;C:\WINDOWS\System32\WindowsPowerShell\v1.0\;C:\WINDOWS\System32\OpenSSH\;C:\Program Files (x86)\Calibre2\;C:\Program Files\Docker\Docker\resources\bin;C:\ProgramData\DockerDesktop\version-bin;C:\Users\ichawla\AppData\Local\Programs\Python\Python38-32\Scripts\;C:\Users\ichawla\AppData\Local\Programs\Python\Python38-32\;C:\Users\ichawla\AppData\Local\Programs\Python\Python37-32\Scripts\;C:\Users\ichawla\AppData\Local\Programs\Python\Python37-32\;C:\Program Files\Java\jdk1.8.0_161;C:\Users\ichawla\AppData\Local\Microsoft\WindowsApps;C:\Users\ichawla\AppData\Roaming\npm;C:\Users\ichawla\AppData\Local\Programs\Microsoft VS Code\bin;C:\Program Files (x86)\nodejs;C:\Users\ichawla\AppData\Local\GitHubDesktop\bin;C:\Program Files\heroku\bin;C:\Users\ichawla\AppData\Local\Microsoft\WindowsApps;;G:\StudyMaterial\JMS\sts-4.9.0.RELEASE;
USERNAME=ichawla
OS=Windows_NT
PROCESSOR_IDENTIFIER=Intel64 Family 6 Model 69 Stepping 1, GenuineIntel



---------------  S Y S T E M  ---------------

OS: Windows 10.0 , 64 bit Build 19041 (10.0.19041.928)

CPU:total 4 (initial active 4) (2 cores per cpu, 2 threads per core) family 6 model 69 stepping 1, cmov, cx8, fxsr, mmx, sse, sse2, sse3, ssse3, sse4.1, sse4.2, popcnt, avx, avx2, aes, clmul, erms, lzcnt, ht, tsc, tscinvbit, bmi1, bmi2

Memory: 4k page, physical 8303212k(2530296k free), swap 14594668k(6633688k free)

vm_info: Java HotSpot(TM) 64-Bit Server VM (25.161-b12) for windows-amd64 JRE (1.8.0_161-b12), built on Dec 19 2017 17:52:25 by "java_re" with MS VC++ 10.0 (VS2010)

time: Wed Jun 02 12:32:34 2021
elapsed time: 4 seconds (0d 0h 0m 4s)

